2026-04-13 18:11:00,314 INFO o.a.j.u.JMeterUtils: Setting Locale to en_IN
2026-04-13 18:11:00,326 INFO o.a.j.JMeter: Loading user properties from: user.properties
2026-04-13 18:11:00,326 INFO o.a.j.JMeter: Loading system properties from: system.properties
2026-04-13 18:11:00,340 INFO o.a.j.JMeter: Copyright (c) 1998-2024 The Apache Software Foundation
2026-04-13 18:11:00,340 INFO o.a.j.JMeter: Version 5.6.3
2026-04-13 18:11:00,340 INFO o.a.j.JMeter: java.version=21.0.9
2026-04-13 18:11:00,340 INFO o.a.j.JMeter: java.vm.name=Java HotSpot(TM) 64-Bit Server VM
2026-04-13 18:11:00,341 INFO o.a.j.JMeter: os.name=Windows 10
2026-04-13 18:11:00,341 INFO o.a.j.JMeter: os.arch=amd64
2026-04-13 18:11:00,341 INFO o.a.j.JMeter: os.version=10.0
2026-04-13 18:11:00,341 INFO o.a.j.JMeter: file.encoding=UTF-8
2026-04-13 18:11:00,341 INFO o.a.j.JMeter: java.awt.headless=null
2026-04-13 18:11:00,341 INFO o.a.j.JMeter: Max memory     =4208984064
2026-04-13 18:11:00,341 INFO o.a.j.JMeter: Available Processors =4
2026-04-13 18:11:00,400 INFO o.a.j.JMeter: Default Locale=English (India)
2026-04-13 18:11:00,400 INFO o.a.j.JMeter: JMeter  Locale=English (India)
2026-04-13 18:11:00,400 INFO o.a.j.JMeter: JMeterHome=D:\apache-jmeter-5.6.3
2026-04-13 18:11:00,401 INFO o.a.j.JMeter: user.dir  =D:\apache-jmeter-5.6.3\bin
2026-04-13 18:11:00,401 INFO o.a.j.JMeter: PWD       =D:\apache-jmeter-5.6.3\bin
2026-04-13 18:11:00,401 INFO o.a.j.JMeter: IP: 172.16.161.111 Name: DESKTOP-18UTTIF FullName: DESKTOP-18UTTIF
2026-04-13 18:11:00,412 INFO o.a.j.JMeter: Loaded icon properties from org/apache/jmeter/images/icon.properties
2026-04-13 18:11:00,549 INFO o.a.j.JMeterGuiLauncher: Setting LAF to: com.github.weisj.darklaf.DarkLaf:com.github.weisj.darklaf.theme.IntelliJTheme
2026-04-13 18:11:09,623 INFO o.a.j.s.FileServer: Default base='D:\apache-jmeter-5.6.3\bin'
2026-04-13 18:11:09,623 INFO o.a.j.g.a.Load: Loading file: D:\apache-jmeter-5.6.3\bin\1.jmx
2026-04-13 18:11:09,623 INFO o.a.j.s.FileServer: Set new base='D:\apache-jmeter-5.6.3\bin'
2026-04-13 18:11:09,815 INFO o.a.j.s.SaveService: Testplan (JMX) version: 2.2. Testlog (JTL) version: 2.2
2026-04-13 18:11:09,848 INFO o.a.j.s.SaveService: Using SaveService properties version 5.0
2026-04-13 18:11:09,849 INFO o.a.j.s.SaveService: Using SaveService properties file encoding UTF-8
2026-04-13 18:11:09,849 INFO o.a.j.s.SaveService: Loading file: D:\apache-jmeter-5.6.3\bin\1.jmx
2026-04-13 18:11:10,002 INFO o.a.j.s.FileServer: Set new base='D:\apache-jmeter-5.6.3\bin'
